<?xml version="1.0" encoding="UTF-8"?>
<coverage generated="1527223393154" clover="3.2.0">
  <project timestamp="1527223393154" name="All files">
    <metrics statements="152" coveredstatements="117" conditionals="42" coveredconditionals="33" methods="19" coveredmethods="14" elements="213" coveredelements="164" complexity="0" loc="152" ncloc="152" packages="4" files="5" classes="5">
      <package name="linked-list.lib">
        <metrics statements="93" coveredstatements="61" conditionals="16" coveredconditionals="11" methods="13" coveredmethods="8"/>
        <file name="linkedList.js" path="/Users/oviparasca/data-structures-and-algorithms/linked-list/lib/linkedList.js">
          <metrics statements="90" coveredstatements="58" conditionals="16" coveredconditionals="11" methods="12" coveredmethods="7"/>
          <line num="3" count="3" type="stmt"/>
          <line num="8" count="5" type="stmt"/>
          <line num="9" count="5" type="stmt"/>
          <line num="13" count="23" type="stmt"/>
          <line num="16" count="23" type="cond" truecount="2" falsecount="0"/>
          <line num="17" count="5" type="stmt"/>
          <line num="18" count="5" type="stmt"/>
          <line num="20" count="5" type="stmt"/>
          <line num="24" count="18" type="stmt"/>
          <line num="26" count="18" type="stmt"/>
          <line num="27" count="28" type="stmt"/>
          <line num="30" count="18" type="stmt"/>
          <line num="31" count="18" type="stmt"/>
          <line num="33" count="18" type="stmt"/>
          <line num="38" count="0" type="stmt"/>
          <line num="39" count="0" type="stmt"/>
          <line num="40" count="0" type="stmt"/>
          <line num="41" count="0" type="stmt"/>
          <line num="43" count="0" type="stmt"/>
          <line num="47" count="0" type="stmt"/>
          <line num="48" count="0" type="stmt"/>
          <line num="51" count="0" type="stmt"/>
          <line num="52" count="0" type="cond" truecount="0" falsecount="2"/>
          <line num="53" count="0" type="stmt"/>
          <line num="54" count="0" type="stmt"/>
          <line num="55" count="0" type="stmt"/>
          <line num="56" count="0" type="stmt"/>
          <line num="57" count="0" type="stmt"/>
          <line num="59" count="0" type="stmt"/>
          <line num="60" count="0" type="stmt"/>
          <line num="63" count="0" type="stmt"/>
          <line num="67" count="1" type="stmt"/>
          <line num="69" count="1" type="stmt"/>
          <line num="70" count="3" type="stmt"/>
          <line num="71" count="3" type="stmt"/>
          <line num="72" count="3" type="stmt"/>
          <line num="74" count="1" type="stmt"/>
          <line num="78" count="0" type="stmt"/>
          <line num="79" count="0" type="stmt"/>
          <line num="82" count="0" type="stmt"/>
          <line num="83" count="0" type="stmt"/>
          <line num="84" count="0" type="stmt"/>
          <line num="85" count="0" type="stmt"/>
          <line num="86" count="0" type="stmt"/>
          <line num="88" count="0" type="stmt"/>
          <line num="90" count="0" type="stmt"/>
          <line num="95" count="2" type="stmt"/>
          <line num="96" count="2" type="stmt"/>
          <line num="100" count="2" type="stmt"/>
          <line num="101" count="10" type="stmt"/>
          <line num="102" count="10" type="stmt"/>
          <line num="107" count="2" type="cond" truecount="1" falsecount="1"/>
          <line num="108" count="0" type="stmt"/>
          <line num="113" count="2" type="stmt"/>
          <line num="114" count="2" type="stmt"/>
          <line num="115" count="4" type="cond" truecount="1" falsecount="1"/>
          <line num="116" count="4" type="stmt"/>
          <line num="119" count="2" type="stmt"/>
          <line num="124" count="1" type="stmt"/>
          <line num="125" count="1" type="stmt"/>
          <line num="126" count="1" type="stmt"/>
          <line num="128" count="1" type="stmt"/>
          <line num="129" count="3" type="cond" truecount="2" falsecount="0"/>
          <line num="130" count="1" type="stmt"/>
          <line num="131" count="0" type="stmt"/>
          <line num="133" count="2" type="cond" truecount="1" falsecount="1"/>
          <line num="134" count="2" type="stmt"/>
          <line num="140" count="1" type="stmt"/>
          <line num="141" count="1" type="stmt"/>
          <line num="143" count="1" type="cond" truecount="2" falsecount="0"/>
          <line num="144" count="3" type="stmt"/>
          <line num="145" count="3" type="stmt"/>
          <line num="147" count="3" type="stmt"/>
          <line num="148" count="3" type="stmt"/>
          <line num="150" count="1" type="stmt"/>
          <line num="154" count="2" type="stmt"/>
          <line num="155" count="2" type="stmt"/>
          <line num="156" count="2" type="stmt"/>
          <line num="158" count="2" type="stmt"/>
          <line num="159" count="3" type="stmt"/>
          <line num="160" count="3" type="stmt"/>
          <line num="162" count="3" type="cond" truecount="2" falsecount="0"/>
          <line num="163" count="1" type="stmt"/>
          <line num="164" count="1" type="stmt"/>
          <line num="168" count="2" type="stmt"/>
          <line num="176" count="0" type="stmt"/>
          <line num="178" count="0" type="stmt"/>
          <line num="183" count="0" type="stmt"/>
          <line num="185" count="0" type="stmt"/>
          <line num="190" count="3" type="stmt"/>
        </file>
        <file name="node.js" path="/Users/oviparasca/data-structures-and-algorithms/linked-list/lib/node.js">
          <metrics statements="3" coveredstatements="3" conditionals="0" coveredconditionals="0" methods="1" coveredmethods="1"/>
          <line num="5" count="23" type="stmt"/>
          <line num="6" count="23" type="stmt"/>
          <line num="10" count="3" type="stmt"/>
        </file>
      </package>
      <package name="whiteboard-challenge-02.lib">
        <metrics statements="22" coveredstatements="22" conditionals="6" coveredconditionals="5" methods="3" coveredmethods="3"/>
        <file name="array_shift.js" path="/Users/oviparasca/data-structures-and-algorithms/whiteboard-challenge-02/lib/array_shift.js">
          <metrics statements="22" coveredstatements="22" conditionals="6" coveredconditionals="5" methods="3" coveredmethods="3"/>
          <line num="6" count="5" type="stmt"/>
          <line num="7" count="5" type="stmt"/>
          <line num="8" count="5" type="stmt"/>
          <line num="10" count="5" type="cond" truecount="1" falsecount="1"/>
          <line num="11" count="5" type="stmt"/>
          <line num="14" count="5" type="stmt"/>
          <line num="15" count="20" type="cond" truecount="2" falsecount="0"/>
          <line num="16" count="5" type="stmt"/>
          <line num="17" count="5" type="stmt"/>
          <line num="20" count="20" type="stmt"/>
          <line num="21" count="20" type="stmt"/>
          <line num="24" count="5" type="stmt"/>
          <line num="28" count="3" type="stmt"/>
          <line num="29" count="3" type="stmt"/>
          <line num="30" count="3" type="stmt"/>
          <line num="32" count="3" type="stmt"/>
          <line num="33" count="15" type="cond" truecount="2" falsecount="0"/>
          <line num="34" count="12" type="stmt"/>
          <line num="35" count="12" type="stmt"/>
          <line num="38" count="3" type="stmt"/>
          <line num="42" count="5" type="stmt"/>
          <line num="47" count="1" type="stmt"/>
        </file>
      </package>
      <package name="whiteboard-challenge-03.lib">
        <metrics statements="17" coveredstatements="16" conditionals="8" coveredconditionals="7" methods="2" coveredmethods="2"/>
        <file name="array_binary_search.js" path="/Users/oviparasca/data-structures-and-algorithms/whiteboard-challenge-03/lib/array_binary_search.js">
          <metrics statements="17" coveredstatements="16" conditionals="8" coveredconditionals="7" methods="2" coveredmethods="2"/>
          <line num="6" count="8" type="stmt"/>
          <line num="8" count="8" type="cond" truecount="2" falsecount="0"/>
          <line num="9" count="2" type="cond" truecount="1" falsecount="1"/>
          <line num="10" count="0" type="stmt"/>
          <line num="12" count="2" type="stmt"/>
          <line num="14" count="6" type="cond" truecount="2" falsecount="0"/>
          <line num="15" count="1" type="stmt"/>
          <line num="16" count="5" type="cond" truecount="2" falsecount="0"/>
          <line num="17" count="2" type="stmt"/>
          <line num="19" count="3" type="stmt"/>
          <line num="24" count="6" type="stmt"/>
          <line num="25" count="6" type="stmt"/>
          <line num="27" count="6" type="stmt"/>
          <line num="28" count="14" type="stmt"/>
          <line num="29" count="14" type="stmt"/>
          <line num="32" count="6" type="stmt"/>
          <line num="37" count="1" type="stmt"/>
        </file>
      </package>
      <package name="whiteboard-challenge-04.lib">
        <metrics statements="20" coveredstatements="18" conditionals="12" coveredconditionals="10" methods="1" coveredmethods="1"/>
        <file name="array_adjacent_product.js" path="/Users/oviparasca/data-structures-and-algorithms/whiteboard-challenge-04/lib/array_adjacent_product.js">
          <metrics statements="20" coveredstatements="18" conditionals="12" coveredconditionals="10" methods="1" coveredmethods="1"/>
          <line num="6" count="1" type="stmt"/>
          <line num="8" count="1" type="stmt"/>
          <line num="9" count="3" type="stmt"/>
          <line num="10" count="9" type="stmt"/>
          <line num="12" count="9" type="stmt"/>
          <line num="13" count="27" type="cond" truecount="2" falsecount="0"/>
          <line num="14" count="18" type="cond" truecount="1" falsecount="1"/>
          <line num="15" count="0" type="stmt"/>
          <line num="19" count="27" type="stmt"/>
          <line num="20" count="27" type="cond" truecount="1" falsecount="1"/>
          <line num="21" count="0" type="stmt"/>
          <line num="24" count="27" type="stmt"/>
          <line num="25" count="27" type="cond" truecount="2" falsecount="0"/>
          <line num="26" count="4" type="stmt"/>
          <line num="30" count="9" type="stmt"/>
          <line num="31" count="27" type="cond" truecount="2" falsecount="0"/>
          <line num="32" count="18" type="cond" truecount="2" falsecount="0"/>
          <line num="33" count="12" type="stmt"/>
          <line num="39" count="1" type="stmt"/>
          <line num="44" count="1" type="stmt"/>
        </file>
      </package>
    </metrics>
  </project>
</coverage>
