<?xml version="1.0" encoding="UTF-8"?>
<coverage generated="1526456800311" clover="3.2.0">
  <project timestamp="1526456800311" name="All files">
    <metrics statements="8" coveredstatements="8" conditionals="2" coveredconditionals="2" methods="1" coveredmethods="1" elements="11" coveredelements="11" complexity="0" loc="8" ncloc="8" packages="1" files="1" classes="1">
      <file name="array_shift.js" path="/Users/oviparasca/seattle-javascript-401d24/whiteboard-challenge-02/lib/array_shift.js">
        <metrics statements="8" coveredstatements="8" conditionals="2" coveredconditionals="2" methods="1" coveredmethods="1"/>
        <line num="6" count="4" type="stmt"/>
        <line num="7" count="4" type="stmt"/>
        <line num="9" count="4" type="stmt"/>
        <line num="10" count="16" type="cond" truecount="2" falsecount="0"/>
        <line num="11" count="4" type="stmt"/>
        <line num="13" count="16" type="stmt"/>
        <line num="16" count="4" type="stmt"/>
        <line num="20" count="1" type="stmt"/>
      </file>
    </metrics>
  </project>
</coverage>
