{"/Users/oviparasca/data-structures-and-algorithms/whiteboard-challenge-02/lib/array_shift.js": {"path":"/Users/oviparasca/data-structures-and-algorithms/whiteboard-challenge-02/lib/array_shift.js","statementMap":{"0":{"start":{"line":6,"column":24},"end":{"line":6,"column":49}},"1":{"start":{"line":7,"column":21},"end":{"line":7,"column":23}},"2":{"start":{"line":8,"column":16},"end":{"line":8,"column":17}},"3":{"start":{"line":10,"column":4},"end":{"line":18,"column":5}},"4":{"start":{"line":11,"column":6},"end":{"line":14,"column":7}},"5":{"start":{"line":12,"column":7},"end":{"line":12,"column":31}},"6":{"start":{"line":13,"column":7},"end":{"line":13,"column":15}},"7":{"start":{"line":16,"column":6},"end":{"line":16,"column":33}},"8":{"start":{"line":17,"column":6},"end":{"line":17,"column":14}},"9":{"start":{"line":20,"column":4},"end":{"line":20,"column":20}},"10":{"start":{"line":24,"column":24},"end":{"line":24,"column":50}},"11":{"start":{"line":25,"column":21},"end":{"line":25,"column":23}},"12":{"start":{"line":26,"column":16},"end":{"line":26,"column":17}},"13":{"start":{"line":28,"column":4},"end":{"line":33,"column":5}},"14":{"start":{"line":29,"column":6},"end":{"line":32,"column":7}},"15":{"start":{"line":30,"column":8},"end":{"line":30,"column":35}},"16":{"start":{"line":31,"column":8},"end":{"line":31,"column":16}},"17":{"start":{"line":34,"column":4},"end":{"line":34,"column":20}},"18":{"start":{"line":39,"column":0},"end":{"line":39,"column":28}}},"fnMap":{"0":{"name":"(anonymous_0)","decl":{"start":{"line":5,"column":2},"end":{"line":5,"column":3}},"loc":{"start":{"line":5,"column":33},"end":{"line":21,"column":3}},"line":5},"1":{"name":"(anonymous_1)","decl":{"start":{"line":23,"column":2},"end":{"line":23,"column":3}},"loc":{"start":{"line":23,"column":26},"end":{"line":35,"column":3}},"line":23}},"branchMap":{"0":{"loc":{"start":{"line":11,"column":6},"end":{"line":14,"column":7}},"type":"if","locations":[{"start":{"line":11,"column":6},"end":{"line":14,"column":7}},{"start":{"line":11,"column":6},"end":{"line":14,"column":7}}],"line":11},"1":{"loc":{"start":{"line":29,"column":6},"end":{"line":32,"column":7}},"type":"if","locations":[{"start":{"line":29,"column":6},"end":{"line":32,"column":7}},{"start":{"line":29,"column":6},"end":{"line":32,"column":7}}],"line":29}},"s":{"0":3,"1":3,"2":3,"3":3,"4":12,"5":3,"6":3,"7":12,"8":12,"9":3,"10":2,"11":2,"12":2,"13":2,"14":10,"15":8,"16":8,"17":2,"18":1},"f":{"0":3,"1":2},"b":{"0":[3,9],"1":[8,2]},"_coverageSchema":"332fd63041d2c1bcb487cc26dd0d5f7d97098a6c","hash":"85f4b2189c8b54d0a70c757902187092e12648be"}
}
