{"/Users/oviparasca/data-structures-and-algorithms/linked-list/lib/linkedList.js": {"path":"/Users/oviparasca/data-structures-and-algorithms/linked-list/lib/linkedList.js","statementMap":{"0":{"start":{"line":3,"column":13},"end":{"line":3,"column":33}},"1":{"start":{"line":8,"column":4},"end":{"line":8,"column":21}},"2":{"start":{"line":9,"column":4},"end":{"line":9,"column":20}},"3":{"start":{"line":13,"column":15},"end":{"line":13,"column":30}},"4":{"start":{"line":16,"column":4},"end":{"line":21,"column":5}},"5":{"start":{"line":17,"column":6},"end":{"line":17,"column":23}},"6":{"start":{"line":18,"column":6},"end":{"line":18,"column":22}},"7":{"start":{"line":20,"column":6},"end":{"line":20,"column":18}},"8":{"start":{"line":24,"column":22},"end":{"line":24,"column":31}},"9":{"start":{"line":26,"column":4},"end":{"line":28,"column":5}},"10":{"start":{"line":27,"column":6},"end":{"line":27,"column":37}},"11":{"start":{"line":30,"column":4},"end":{"line":30,"column":28}},"12":{"start":{"line":31,"column":4},"end":{"line":31,"column":18}},"13":{"start":{"line":33,"column":4},"end":{"line":33,"column":16}},"14":{"start":{"line":38,"column":20},"end":{"line":38,"column":35}},"15":{"start":{"line":39,"column":4},"end":{"line":39,"column":29}},"16":{"start":{"line":40,"column":4},"end":{"line":40,"column":24}},"17":{"start":{"line":41,"column":4},"end":{"line":41,"column":18}},"18":{"start":{"line":43,"column":4},"end":{"line":43,"column":16}},"19":{"start":{"line":47,"column":22},"end":{"line":47,"column":31}},"20":{"start":{"line":48,"column":19},"end":{"line":48,"column":30}},"21":{"start":{"line":51,"column":4},"end":{"line":61,"column":5}},"22":{"start":{"line":52,"column":6},"end":{"line":58,"column":7}},"23":{"start":{"line":53,"column":23},"end":{"line":53,"column":39}},"24":{"start":{"line":54,"column":8},"end":{"line":54,"column":32}},"25":{"start":{"line":55,"column":8},"end":{"line":55,"column":33}},"26":{"start":{"line":56,"column":8},"end":{"line":56,"column":22}},"27":{"start":{"line":57,"column":8},"end":{"line":57,"column":14}},"28":{"start":{"line":59,"column":6},"end":{"line":59,"column":29}},"29":{"start":{"line":60,"column":6},"end":{"line":60,"column":37}},"30":{"start":{"line":63,"column":4},"end":{"line":63,"column":16}},"31":{"start":{"line":67,"column":15},"end":{"line":67,"column":24}},"32":{"start":{"line":69,"column":4},"end":{"line":73,"column":5}},"33":{"start":{"line":70,"column":21},"end":{"line":70,"column":30}},"34":{"start":{"line":71,"column":6},"end":{"line":71,"column":18}},"35":{"start":{"line":72,"column":6},"end":{"line":72,"column":22}},"36":{"start":{"line":74,"column":4},"end":{"line":74,"column":20}},"37":{"start":{"line":78,"column":22},"end":{"line":78,"column":31}},"38":{"start":{"line":79,"column":21},"end":{"line":79,"column":25}},"39":{"start":{"line":82,"column":4},"end":{"line":87,"column":5}},"40":{"start":{"line":83,"column":6},"end":{"line":83,"column":30}},"41":{"start":{"line":84,"column":6},"end":{"line":84,"column":30}},"42":{"start":{"line":85,"column":6},"end":{"line":85,"column":25}},"43":{"start":{"line":86,"column":6},"end":{"line":86,"column":25}},"44":{"start":{"line":88,"column":4},"end":{"line":88,"column":21}},"45":{"start":{"line":90,"column":4},"end":{"line":90,"column":16}},"46":{"start":{"line":95,"column":19},"end":{"line":95,"column":20}},"47":{"start":{"line":96,"column":22},"end":{"line":96,"column":31}},"48":{"start":{"line":100,"column":4},"end":{"line":103,"column":5}},"49":{"start":{"line":101,"column":6},"end":{"line":101,"column":37}},"50":{"start":{"line":102,"column":6},"end":{"line":102,"column":17}},"51":{"start":{"line":107,"column":4},"end":{"line":109,"column":5}},"52":{"start":{"line":108,"column":6},"end":{"line":108,"column":18}},"53":{"start":{"line":113,"column":4},"end":{"line":113,"column":28}},"54":{"start":{"line":114,"column":4},"end":{"line":118,"column":5}},"55":{"start":{"line":115,"column":6},"end":{"line":117,"column":7}},"56":{"start":{"line":116,"column":8},"end":{"line":116,"column":39}},"57":{"start":{"line":119,"column":4},"end":{"line":119,"column":23}},"58":{"start":{"line":124,"column":17},"end":{"line":124,"column":21}},"59":{"start":{"line":125,"column":22},"end":{"line":125,"column":49}},"60":{"start":{"line":126,"column":22},"end":{"line":126,"column":33}},"61":{"start":{"line":128,"column":4},"end":{"line":136,"column":5}},"62":{"start":{"line":129,"column":6},"end":{"line":132,"column":7}},"63":{"start":{"line":130,"column":8},"end":{"line":130,"column":27}},"64":{"start":{"line":131,"column":8},"end":{"line":131,"column":14}},"65":{"start":{"line":133,"column":6},"end":{"line":135,"column":7}},"66":{"start":{"line":134,"column":8},"end":{"line":134,"column":39}},"67":{"start":{"line":140,"column":23},"end":{"line":140,"column":31}},"68":{"start":{"line":141,"column":23},"end":{"line":141,"column":31}},"69":{"start":{"line":143,"column":4},"end":{"line":149,"column":5}},"70":{"start":{"line":144,"column":6},"end":{"line":144,"column":38}},"71":{"start":{"line":145,"column":6},"end":{"line":145,"column":39}},"72":{"start":{"line":147,"column":6},"end":{"line":147,"column":38}},"73":{"start":{"line":148,"column":6},"end":{"line":148,"column":39}},"74":{"start":{"line":150,"column":4},"end":{"line":150,"column":16}},"75":{"start":{"line":154,"column":13},"end":{"line":154,"column":22}},"76":{"start":{"line":155,"column":13},"end":{"line":155,"column":22}},"77":{"start":{"line":156,"column":17},"end":{"line":156,"column":22}},"78":{"start":{"line":158,"column":4},"end":{"line":166,"column":5}},"79":{"start":{"line":159,"column":6},"end":{"line":159,"column":19}},"80":{"start":{"line":160,"column":6},"end":{"line":160,"column":24}},"81":{"start":{"line":162,"column":6},"end":{"line":165,"column":7}},"82":{"start":{"line":163,"column":8},"end":{"line":163,"column":22}},"83":{"start":{"line":164,"column":8},"end":{"line":164,"column":14}},"84":{"start":{"line":168,"column":4},"end":{"line":168,"column":18}},"85":{"start":{"line":176,"column":21},"end":{"line":176,"column":41}},"86":{"start":{"line":178,"column":4},"end":{"line":178,"column":22}},"87":{"start":{"line":183,"column":23},"end":{"line":183,"column":55}},"88":{"start":{"line":185,"column":4},"end":{"line":185,"column":24}},"89":{"start":{"line":190,"column":0},"end":{"line":190,"column":28}}},"fnMap":{"0":{"name":"(anonymous_0)","decl":{"start":{"line":7,"column":2},"end":{"line":7,"column":3}},"loc":{"start":{"line":7,"column":16},"end":{"line":10,"column":3}},"line":7},"1":{"name":"(anonymous_1)","decl":{"start":{"line":12,"column":2},"end":{"line":12,"column":3}},"loc":{"start":{"line":12,"column":16},"end":{"line":34,"column":3}},"line":12},"2":{"name":"(anonymous_2)","decl":{"start":{"line":37,"column":2},"end":{"line":37,"column":3}},"loc":{"start":{"line":37,"column":17},"end":{"line":44,"column":3}},"line":37},"3":{"name":"(anonymous_3)","decl":{"start":{"line":46,"column":2},"end":{"line":46,"column":3}},"loc":{"start":{"line":46,"column":17},"end":{"line":64,"column":3}},"line":46},"4":{"name":"(anonymous_4)","decl":{"start":{"line":66,"column":2},"end":{"line":66,"column":3}},"loc":{"start":{"line":66,"column":19},"end":{"line":75,"column":3}},"line":66},"5":{"name":"(anonymous_5)","decl":{"start":{"line":77,"column":2},"end":{"line":77,"column":3}},"loc":{"start":{"line":77,"column":12},"end":{"line":91,"column":3}},"line":77},"6":{"name":"(anonymous_6)","decl":{"start":{"line":94,"column":2},"end":{"line":94,"column":3}},"loc":{"start":{"line":94,"column":24},"end":{"line":120,"column":3}},"line":94},"7":{"name":"(anonymous_7)","decl":{"start":{"line":123,"column":2},"end":{"line":123,"column":3}},"loc":{"start":{"line":123,"column":22},"end":{"line":137,"column":3}},"line":123},"8":{"name":"(anonymous_8)","decl":{"start":{"line":139,"column":2},"end":{"line":139,"column":3}},"loc":{"start":{"line":139,"column":23},"end":{"line":151,"column":3}},"line":139},"9":{"name":"(anonymous_9)","decl":{"start":{"line":153,"column":2},"end":{"line":153,"column":3}},"loc":{"start":{"line":153,"column":15},"end":{"line":169,"column":3}},"line":153},"10":{"name":"(anonymous_10)","decl":{"start":{"line":175,"column":2},"end":{"line":175,"column":3}},"loc":{"start":{"line":175,"column":14},"end":{"line":179,"column":3}},"line":175},"11":{"name":"(anonymous_11)","decl":{"start":{"line":182,"column":2},"end":{"line":182,"column":3}},"loc":{"start":{"line":182,"column":16},"end":{"line":186,"column":3}},"line":182}},"branchMap":{"0":{"loc":{"start":{"line":16,"column":4},"end":{"line":21,"column":5}},"type":"if","locations":[{"start":{"line":16,"column":4},"end":{"line":21,"column":5}},{"start":{"line":16,"column":4},"end":{"line":21,"column":5}}],"line":16},"1":{"loc":{"start":{"line":52,"column":6},"end":{"line":58,"column":7}},"type":"if","locations":[{"start":{"line":52,"column":6},"end":{"line":58,"column":7}},{"start":{"line":52,"column":6},"end":{"line":58,"column":7}}],"line":52},"2":{"loc":{"start":{"line":107,"column":4},"end":{"line":109,"column":5}},"type":"if","locations":[{"start":{"line":107,"column":4},"end":{"line":109,"column":5}},{"start":{"line":107,"column":4},"end":{"line":109,"column":5}}],"line":107},"3":{"loc":{"start":{"line":115,"column":6},"end":{"line":117,"column":7}},"type":"if","locations":[{"start":{"line":115,"column":6},"end":{"line":117,"column":7}},{"start":{"line":115,"column":6},"end":{"line":117,"column":7}}],"line":115},"4":{"loc":{"start":{"line":129,"column":6},"end":{"line":132,"column":7}},"type":"if","locations":[{"start":{"line":129,"column":6},"end":{"line":132,"column":7}},{"start":{"line":129,"column":6},"end":{"line":132,"column":7}}],"line":129},"5":{"loc":{"start":{"line":133,"column":6},"end":{"line":135,"column":7}},"type":"if","locations":[{"start":{"line":133,"column":6},"end":{"line":135,"column":7}},{"start":{"line":133,"column":6},"end":{"line":135,"column":7}}],"line":133},"6":{"loc":{"start":{"line":143,"column":10},"end":{"line":143,"column":38}},"type":"binary-expr","locations":[{"start":{"line":143,"column":10},"end":{"line":143,"column":22}},{"start":{"line":143,"column":26},"end":{"line":143,"column":38}}],"line":143},"7":{"loc":{"start":{"line":162,"column":6},"end":{"line":165,"column":7}},"type":"if","locations":[{"start":{"line":162,"column":6},"end":{"line":165,"column":7}},{"start":{"line":162,"column":6},"end":{"line":165,"column":7}}],"line":162}},"s":{"0":3,"1":5,"2":5,"3":23,"4":23,"5":5,"6":5,"7":5,"8":18,"9":18,"10":28,"11":18,"12":18,"13":18,"14":0,"15":0,"16":0,"17":0,"18":0,"19":0,"20":0,"21":0,"22":0,"23":0,"24":0,"25":0,"26":0,"27":0,"28":0,"29":0,"30":0,"31":1,"32":1,"33":3,"34":3,"35":3,"36":1,"37":0,"38":0,"39":0,"40":0,"41":0,"42":0,"43":0,"44":0,"45":0,"46":2,"47":2,"48":2,"49":10,"50":10,"51":2,"52":0,"53":2,"54":2,"55":4,"56":4,"57":2,"58":1,"59":1,"60":1,"61":1,"62":3,"63":1,"64":0,"65":2,"66":2,"67":1,"68":1,"69":1,"70":3,"71":3,"72":3,"73":3,"74":1,"75":2,"76":2,"77":2,"78":2,"79":3,"80":3,"81":3,"82":1,"83":1,"84":2,"85":0,"86":0,"87":0,"88":0,"89":3},"f":{"0":5,"1":23,"2":0,"3":0,"4":1,"5":0,"6":2,"7":1,"8":1,"9":2,"10":0,"11":0},"b":{"0":[5,18],"1":[0,0],"2":[0,2],"3":[4,0],"4":[1,2],"5":[2,0],"6":[4,1],"7":[1,2]},"_coverageSchema":"332fd63041d2c1bcb487cc26dd0d5f7d97098a6c","hash":"3a71dc8e78799ceb1e12a7d36304d5fa38c89560"}
,"/Users/oviparasca/data-structures-and-algorithms/linked-list/lib/node.js": {"path":"/Users/oviparasca/data-structures-and-algorithms/linked-list/lib/node.js","statementMap":{"0":{"start":{"line":5,"column":4},"end":{"line":5,"column":23}},"1":{"start":{"line":6,"column":4},"end":{"line":6,"column":21}},"2":{"start":{"line":10,"column":0},"end":{"line":10,"column":22}}},"fnMap":{"0":{"name":"(anonymous_0)","decl":{"start":{"line":4,"column":2},"end":{"line":4,"column":3}},"loc":{"start":{"line":4,"column":21},"end":{"line":7,"column":3}},"line":4}},"branchMap":{},"s":{"0":23,"1":23,"2":3},"f":{"0":23},"b":{},"_coverageSchema":"332fd63041d2c1bcb487cc26dd0d5f7d97098a6c","hash":"29984069086d33e5b42e978d4df6d836d92704b9"}
,"/Users/oviparasca/data-structures-and-algorithms/whiteboard-challenge-02/lib/array_shift.js": {"path":"/Users/oviparasca/data-structures-and-algorithms/whiteboard-challenge-02/lib/array_shift.js","statementMap":{"0":{"start":{"line":6,"column":22},"end":{"line":6,"column":44}},"1":{"start":{"line":7,"column":21},"end":{"line":7,"column":23}},"2":{"start":{"line":8,"column":16},"end":{"line":8,"column":17}},"3":{"start":{"line":10,"column":4},"end":{"line":12,"column":5}},"4":{"start":{"line":11,"column":6},"end":{"line":11,"column":39}},"5":{"start":{"line":14,"column":4},"end":{"line":22,"column":5}},"6":{"start":{"line":15,"column":6},"end":{"line":18,"column":7}},"7":{"start":{"line":16,"column":8},"end":{"line":16,"column":32}},"8":{"start":{"line":17,"column":8},"end":{"line":17,"column":16}},"9":{"start":{"line":20,"column":6},"end":{"line":20,"column":33}},"10":{"start":{"line":21,"column":6},"end":{"line":21,"column":14}},"11":{"start":{"line":24,"column":4},"end":{"line":24,"column":20}},"12":{"start":{"line":28,"column":24},"end":{"line":28,"column":42}},"13":{"start":{"line":29,"column":21},"end":{"line":29,"column":23}},"14":{"start":{"line":30,"column":16},"end":{"line":30,"column":17}},"15":{"start":{"line":32,"column":4},"end":{"line":37,"column":5}},"16":{"start":{"line":33,"column":6},"end":{"line":36,"column":7}},"17":{"start":{"line":34,"column":8},"end":{"line":34,"column":35}},"18":{"start":{"line":35,"column":8},"end":{"line":35,"column":16}},"19":{"start":{"line":38,"column":4},"end":{"line":38,"column":20}},"20":{"start":{"line":42,"column":4},"end":{"line":42,"column":23}},"21":{"start":{"line":47,"column":0},"end":{"line":47,"column":28}}},"fnMap":{"0":{"name":"(anonymous_0)","decl":{"start":{"line":5,"column":2},"end":{"line":5,"column":3}},"loc":{"start":{"line":5,"column":33},"end":{"line":25,"column":3}},"line":5},"1":{"name":"(anonymous_1)","decl":{"start":{"line":27,"column":2},"end":{"line":27,"column":3}},"loc":{"start":{"line":27,"column":26},"end":{"line":39,"column":3}},"line":27},"2":{"name":"(anonymous_2)","decl":{"start":{"line":41,"column":2},"end":{"line":41,"column":3}},"loc":{"start":{"line":41,"column":16},"end":{"line":43,"column":3}},"line":41}},"branchMap":{"0":{"loc":{"start":{"line":10,"column":4},"end":{"line":12,"column":5}},"type":"if","locations":[{"start":{"line":10,"column":4},"end":{"line":12,"column":5}},{"start":{"line":10,"column":4},"end":{"line":12,"column":5}}],"line":10},"1":{"loc":{"start":{"line":15,"column":6},"end":{"line":18,"column":7}},"type":"if","locations":[{"start":{"line":15,"column":6},"end":{"line":18,"column":7}},{"start":{"line":15,"column":6},"end":{"line":18,"column":7}}],"line":15},"2":{"loc":{"start":{"line":33,"column":6},"end":{"line":36,"column":7}},"type":"if","locations":[{"start":{"line":33,"column":6},"end":{"line":36,"column":7}},{"start":{"line":33,"column":6},"end":{"line":36,"column":7}}],"line":33}},"s":{"0":5,"1":5,"2":5,"3":5,"4":5,"5":5,"6":20,"7":5,"8":5,"9":20,"10":20,"11":5,"12":3,"13":3,"14":3,"15":3,"16":15,"17":12,"18":12,"19":3,"20":5,"21":1},"f":{"0":5,"1":3,"2":5},"b":{"0":[5,0],"1":[5,15],"2":[12,3]},"_coverageSchema":"332fd63041d2c1bcb487cc26dd0d5f7d97098a6c","hash":"4f6095b1af4af30b51cd3741434578e3453748ba"}
,"/Users/oviparasca/data-structures-and-algorithms/whiteboard-challenge-03/lib/array_binary_search.js": {"path":"/Users/oviparasca/data-structures-and-algorithms/whiteboard-challenge-03/lib/array_binary_search.js","statementMap":{"0":{"start":{"line":6,"column":15},"end":{"line":6,"column":41}},"1":{"start":{"line":8,"column":4},"end":{"line":20,"column":5}},"2":{"start":{"line":9,"column":6},"end":{"line":13,"column":7}},"3":{"start":{"line":10,"column":8},"end":{"line":10,"column":19}},"4":{"start":{"line":12,"column":8},"end":{"line":12,"column":18}},"5":{"start":{"line":14,"column":11},"end":{"line":20,"column":5}},"6":{"start":{"line":15,"column":6},"end":{"line":15,"column":17}},"7":{"start":{"line":16,"column":11},"end":{"line":20,"column":5}},"8":{"start":{"line":17,"column":6},"end":{"line":17,"column":76}},"9":{"start":{"line":19,"column":6},"end":{"line":19,"column":67}},"10":{"start":{"line":24,"column":21},"end":{"line":24,"column":23}},"11":{"start":{"line":25,"column":27},"end":{"line":25,"column":28}},"12":{"start":{"line":27,"column":4},"end":{"line":30,"column":5}},"13":{"start":{"line":28,"column":6},"end":{"line":28,"column":44}},"14":{"start":{"line":29,"column":6},"end":{"line":29,"column":25}},"15":{"start":{"line":32,"column":4},"end":{"line":32,"column":20}},"16":{"start":{"line":37,"column":0},"end":{"line":37,"column":35}}},"fnMap":{"0":{"name":"(anonymous_0)","decl":{"start":{"line":5,"column":2},"end":{"line":5,"column":3}},"loc":{"start":{"line":5,"column":25},"end":{"line":21,"column":3}},"line":5},"1":{"name":"(anonymous_1)","decl":{"start":{"line":23,"column":2},"end":{"line":23,"column":3}},"loc":{"start":{"line":23,"column":48},"end":{"line":33,"column":3}},"line":23}},"branchMap":{"0":{"loc":{"start":{"line":8,"column":4},"end":{"line":20,"column":5}},"type":"if","locations":[{"start":{"line":8,"column":4},"end":{"line":20,"column":5}},{"start":{"line":8,"column":4},"end":{"line":20,"column":5}}],"line":8},"1":{"loc":{"start":{"line":9,"column":6},"end":{"line":13,"column":7}},"type":"if","locations":[{"start":{"line":9,"column":6},"end":{"line":13,"column":7}},{"start":{"line":9,"column":6},"end":{"line":13,"column":7}}],"line":9},"2":{"loc":{"start":{"line":14,"column":11},"end":{"line":20,"column":5}},"type":"if","locations":[{"start":{"line":14,"column":11},"end":{"line":20,"column":5}},{"start":{"line":14,"column":11},"end":{"line":20,"column":5}}],"line":14},"3":{"loc":{"start":{"line":16,"column":11},"end":{"line":20,"column":5}},"type":"if","locations":[{"start":{"line":16,"column":11},"end":{"line":20,"column":5}},{"start":{"line":16,"column":11},"end":{"line":20,"column":5}}],"line":16}},"s":{"0":8,"1":8,"2":2,"3":0,"4":2,"5":6,"6":1,"7":5,"8":2,"9":3,"10":6,"11":6,"12":6,"13":14,"14":14,"15":6,"16":1},"f":{"0":8,"1":6},"b":{"0":[2,6],"1":[0,2],"2":[1,5],"3":[2,3]},"_coverageSchema":"332fd63041d2c1bcb487cc26dd0d5f7d97098a6c","hash":"b2ea3bcad0c380affba2533e827618bbbc19a98b"}
}
