TN:
SF:/Users/oviparasca/data-structures-and-algorithms/linked-list/lib/linkedList.js
FN:7,(anonymous_0)
FN:12,(anonymous_1)
FN:37,(anonymous_2)
FN:46,(anonymous_3)
FN:66,(anonymous_4)
FN:77,(anonymous_5)
FN:94,(anonymous_6)
FN:123,(anonymous_7)
FN:139,(anonymous_8)
FN:153,(anonymous_9)
FN:175,(anonymous_10)
FN:182,(anonymous_11)
FNF:12
FNH:6
FNDA:2,(anonymous_0)
FNDA:11,(anonymous_1)
FNDA:0,(anonymous_2)
FNDA:0,(anonymous_3)
FNDA:1,(anonymous_4)
FNDA:0,(anonymous_5)
FNDA:2,(anonymous_6)
FNDA:1,(anonymous_7)
FNDA:0,(anonymous_8)
FNDA:2,(anonymous_9)
FNDA:0,(anonymous_10)
FNDA:0,(anonymous_11)
DA:3,2
DA:8,2
DA:9,2
DA:13,11
DA:16,11
DA:17,2
DA:18,2
DA:20,2
DA:24,9
DA:26,9
DA:27,16
DA:30,9
DA:31,9
DA:33,9
DA:38,0
DA:39,0
DA:40,0
DA:41,0
DA:43,0
DA:47,0
DA:48,0
DA:51,0
DA:52,0
DA:53,0
DA:54,0
DA:55,0
DA:56,0
DA:57,0
DA:59,0
DA:60,0
DA:63,0
DA:67,1
DA:69,1
DA:70,3
DA:71,3
DA:72,3
DA:74,1
DA:78,0
DA:79,0
DA:82,0
DA:83,0
DA:84,0
DA:85,0
DA:86,0
DA:88,0
DA:90,0
DA:95,2
DA:96,2
DA:100,2
DA:101,10
DA:102,10
DA:107,2
DA:108,0
DA:113,2
DA:114,2
DA:115,4
DA:116,4
DA:119,2
DA:124,1
DA:125,1
DA:126,1
DA:128,1
DA:129,3
DA:130,1
DA:131,0
DA:133,2
DA:134,2
DA:140,0
DA:141,0
DA:143,0
DA:144,0
DA:145,0
DA:147,0
DA:148,0
DA:150,0
DA:154,2
DA:155,2
DA:156,2
DA:158,2
DA:159,3
DA:160,3
DA:162,3
DA:163,1
DA:164,1
DA:168,2
DA:176,0
DA:178,0
DA:183,0
DA:185,0
DA:190,2
LF:90
LH:50
BRDA:16,0,0,2
BRDA:16,0,1,9
BRDA:52,1,0,0
BRDA:52,1,1,0
BRDA:107,2,0,0
BRDA:107,2,1,2
BRDA:115,3,0,4
BRDA:115,3,1,0
BRDA:129,4,0,1
BRDA:129,4,1,2
BRDA:133,5,0,2
BRDA:133,5,1,0
BRDA:143,6,0,0
BRDA:143,6,1,0
BRDA:162,7,0,1
BRDA:162,7,1,2
BRF:16
BRH:9
end_of_record
TN:
SF:/Users/oviparasca/data-structures-and-algorithms/linked-list/lib/node.js
FN:4,(anonymous_0)
FNF:1
FNH:1
FNDA:11,(anonymous_0)
DA:5,11
DA:6,11
DA:10,2
LF:3
LH:3
BRF:0
BRH:0
end_of_record
TN:
SF:/Users/oviparasca/data-structures-and-algorithms/whiteboard-challenge-02/lib/array_shift.js
FN:5,(anonymous_0)
FN:27,(anonymous_1)
FN:41,(anonymous_2)
FNF:3
FNH:3
FNDA:5,(anonymous_0)
FNDA:3,(anonymous_1)
FNDA:5,(anonymous_2)
DA:6,5
DA:7,5
DA:8,5
DA:10,5
DA:11,5
DA:14,5
DA:15,20
DA:16,5
DA:17,5
DA:20,20
DA:21,20
DA:24,5
DA:28,3
DA:29,3
DA:30,3
DA:32,3
DA:33,15
DA:34,12
DA:35,12
DA:38,3
DA:42,5
DA:47,1
LF:22
LH:22
BRDA:10,0,0,5
BRDA:10,0,1,0
BRDA:15,1,0,5
BRDA:15,1,1,15
BRDA:33,2,0,12
BRDA:33,2,1,3
BRF:6
BRH:5
end_of_record
TN:
SF:/Users/oviparasca/data-structures-and-algorithms/whiteboard-challenge-03/lib/array_binary_search.js
FN:5,(anonymous_0)
FN:23,(anonymous_1)
FNF:2
FNH:2
FNDA:8,(anonymous_0)
FNDA:6,(anonymous_1)
DA:6,8
DA:8,8
DA:9,2
DA:10,0
DA:12,2
DA:14,6
DA:15,1
DA:16,5
DA:17,2
DA:19,3
DA:24,6
DA:25,6
DA:27,6
DA:28,14
DA:29,14
DA:32,6
DA:37,1
LF:17
LH:16
BRDA:8,0,0,2
BRDA:8,0,1,6
BRDA:9,1,0,0
BRDA:9,1,1,2
BRDA:14,2,0,1
BRDA:14,2,1,5
BRDA:16,3,0,2
BRDA:16,3,1,3
BRF:8
BRH:7
end_of_record
