TN:
SF:/Users/oviparasca/data-structures-and-algorithms/whiteboard-challenge-02/lib/array_shift.js
FN:5,(anonymous_0)
FN:23,(anonymous_1)
FNF:2
FNH:2
FNDA:3,(anonymous_0)
FNDA:3,(anonymous_1)
DA:6,3
DA:7,3
DA:8,3
DA:10,3
DA:11,12
DA:12,3
DA:13,3
DA:16,12
DA:17,12
DA:20,3
DA:24,3
DA:25,3
DA:26,3
DA:28,3
DA:29,15
DA:30,12
DA:31,12
DA:34,3
DA:39,1
LF:19
LH:19
BRDA:11,0,0,3
BRDA:11,0,1,9
BRDA:29,1,0,12
BRDA:29,1,1,3
BRF:4
BRH:4
end_of_record
TN:
SF:/Users/oviparasca/data-structures-and-algorithms/whiteboard-challenge-03/lib/array_binary_search.js
FN:5,(anonymous_0)
FN:23,(anonymous_1)
FNF:2
FNH:2
FNDA:8,(anonymous_0)
FNDA:6,(anonymous_1)
DA:6,8
DA:8,8
DA:9,2
DA:10,0
DA:12,2
DA:14,6
DA:15,1
DA:16,5
DA:17,2
DA:19,3
DA:24,6
DA:25,6
DA:27,6
DA:28,14
DA:29,14
DA:32,6
DA:37,1
LF:17
LH:16
BRDA:8,0,0,2
BRDA:8,0,1,6
BRDA:9,1,0,0
BRDA:9,1,1,2
BRDA:14,2,0,1
BRDA:14,2,1,5
BRDA:16,3,0,2
BRDA:16,3,1,3
BRF:8
BRH:7
end_of_record
